Converting images
Compiling gui/src/screen1_screen/Screen1Presenter.cpp
Compiling gui/src/screen1_screen/Screen1View.cpp
Compiling generated/gui_generated/src/screen1_screen/Screen1ViewBase.cpp
Compiling generated/gui_generated/src/common/FrontendApplicationBase.cpp
Compiling simulator/main.cpp
generated/gui_generated/src/screen1_screen/Screen1ViewBase.cpp:6:30: fatal error: BitmapDatabase.hpp: No such file or directory
 #include "BitmapDatabase.hpp"
                              ^
generated/gui_generated/src/common/FrontendApplicationBase.cpp:8:42: fatal error: texts/TextKeysAndLanguages.hpp: No such file or directory
 #include <texts/TextKeysAndLanguages.hpp>
                                          ^
compilation terminated.
compilation terminated.
simulator/gcc/Makefile:209: recipe for target 'build/MINGW32_NT-6.2/generated/gui_generated/src/screen1_screen/Screen1ViewBase.o' failed
make[2]: *** [build/MINGW32_NT-6.2/generated/gui_generated/src/screen1_screen/Screen1ViewBase.o] Error 1
make[2]: *** Waiting for unfinished jobs....
simulator/gcc/Makefile:209: recipe for target 'build/MINGW32_NT-6.2/generated/gui_generated/src/common/FrontendApplicationBase.o' failed
make[2]: *** [build/MINGW32_NT-6.2/generated/gui_generated/src/common/FrontendApplicationBase.o] Error 1
In file included from simulator/main.cpp:3:0:
touchgfx//framework/include/common/TouchGFXInit.hpp:23:39: fatal error: texts/TypedTextDatabase.hpp: No such file or directory
 #include <texts/TypedTextDatabase.hpp>
                                       ^
compilation terminated.
simulator/gcc/Makefile:209: recipe for target 'build/MINGW32_NT-6.2/simulator/main.o' failed
make[2]: *** [build/MINGW32_NT-6.2/simulator/main.o] Error 1
simulator/gcc/Makefile:171: recipe for target 'generate_assets' failed
make[1]: *** [generate_assets] Error 2
simulator/gcc/Makefile:32: recipe for target 'all' failed
make: *** [all] Error 2
