<File>
  <FileName>FrontendApplication.cpp</FileName>
  <FileType>8</FileType>
  <FilePath>../../gui/src/common/frontendapplication.cpp</FilePath>
</File>
<File>
  <FileName>Model.cpp</FileName>
  <FileType>8</FileType>
  <FilePath>../../gui/src/model/model.cpp</FilePath>
</File>
<File>
  <FileName>Screen1Presenter.cpp</FileName>
  <FileType>8</FileType>
  <FilePath>../../gui/src/screen1_screen/screen1presenter.cpp</FilePath>
</File>
<File>
  <FileName>Screen1View.cpp</FileName>
  <FileType>8</FileType>
  <FilePath>../../gui/src/screen1_screen/screen1view.cpp</FilePath>
</File>
<File>
  <FileName>ApplicationFontProvider.cpp</FileName>
  <FileType>8</FileType>
  <FilePath>../../generated/fonts/src/applicationfontprovider.cpp</FilePath>
</File>
<File>
  <FileName>BitmapDatabase.cpp</FileName>
  <FileType>8</FileType>
  <FilePath>../../generated/images/src/bitmapdatabase.cpp</FilePath>
</File>
<File>
  <FileName>blue_buttons_round_edge_small.cpp</FileName>
  <FileType>8</FileType>
  <FilePath>../../generated/images/src/__designer/blue_buttons_round_edge_small.cpp</FilePath>
</File>
<File>
  <FileName>blue_buttons_round_edge_small_pressed.cpp</FileName>
  <FileType>8</FileType>
  <FilePath>../../generated/images/src/__designer/blue_buttons_round_edge_small_pressed.cpp</FilePath>
</File>
<File>
  <FileName>Font_verdana_10_4bpp.cpp</FileName>
  <FileType>8</FileType>
  <FilePath>../../generated/fonts/src/font_verdana_10_4bpp.cpp</FilePath>
</File>
<File>
  <FileName>Font_verdana_20_4bpp.cpp</FileName>
  <FileType>8</FileType>
  <FilePath>../../generated/fonts/src/font_verdana_20_4bpp.cpp</FilePath>
</File>
<File>
  <FileName>Font_verdana_40_4bpp.cpp</FileName>
  <FileType>8</FileType>
  <FilePath>../../generated/fonts/src/font_verdana_40_4bpp.cpp</FilePath>
</File>
<File>
  <FileName>FontGetters.cpp</FileName>
  <FileType>8</FileType>
  <FilePath>../../generated/fonts/src/fontgetters.cpp</FilePath>
</File>
<File>
  <FileName>FrontendApplicationBase.cpp</FileName>
  <FileType>8</FileType>
  <FilePath>../../generated/gui_generated/src/common/frontendapplicationbase.cpp</FilePath>
</File>
<File>
  <FileName>Kerning_verdana_10_4bpp.cpp</FileName>
  <FileType>8</FileType>
  <FilePath>../../generated/fonts/src/kerning_verdana_10_4bpp.cpp</FilePath>
</File>
<File>
  <FileName>Kerning_verdana_20_4bpp.cpp</FileName>
  <FileType>8</FileType>
  <FilePath>../../generated/fonts/src/kerning_verdana_20_4bpp.cpp</FilePath>
</File>
<File>
  <FileName>Kerning_verdana_40_4bpp.cpp</FileName>
  <FileType>8</FileType>
  <FilePath>../../generated/fonts/src/kerning_verdana_40_4bpp.cpp</FilePath>
</File>
<File>
  <FileName>Screen1ViewBase.cpp</FileName>
  <FileType>8</FileType>
  <FilePath>../../generated/gui_generated/src/screen1_screen/screen1viewbase.cpp</FilePath>
</File>
<File>
  <FileName>Table_verdana_10_4bpp.cpp</FileName>
  <FileType>8</FileType>
  <FilePath>../../generated/fonts/src/table_verdana_10_4bpp.cpp</FilePath>
</File>
<File>
  <FileName>Table_verdana_20_4bpp.cpp</FileName>
  <FileType>8</FileType>
  <FilePath>../../generated/fonts/src/table_verdana_20_4bpp.cpp</FilePath>
</File>
<File>
  <FileName>Table_verdana_40_4bpp.cpp</FileName>
  <FileType>8</FileType>
  <FilePath>../../generated/fonts/src/table_verdana_40_4bpp.cpp</FilePath>
</File>
<File>
  <FileName>Texts.cpp</FileName>
  <FileType>8</FileType>
  <FilePath>../../generated/texts/src/texts.cpp</FilePath>
</File>
<File>
  <FileName>TypedTextDatabase.cpp</FileName>
  <FileType>8</FileType>
  <FilePath>../../generated/texts/src/typedtextdatabase.cpp</FilePath>
</File>
